This file contains any messages produced by compilers while
running configure, to aid debugging if configure makes a mistake.

It was created by hs configure 3.9.3, which was
generated by GNU Autoconf 2.59.  Invocation command line was

  $ ./configure --no-create --no-recursion

## --------- ##
## Platform. ##
## --------- ##

hostname = shrouder.securebob.com
uname -m = i686
uname -r = 2.6.15-26-server
uname -s = Linux
uname -v = #1 SMP Fri Sep 8 21:00:37 UTC 2006

/usr/bin/uname -p = unknown
/bin/uname -X     = unknown

/bin/arch              = i686
/usr/bin/arch -k       = unknown
/usr/convex/getsysinfo = unknown
hostinfo               = unknown
/bin/machine           = unknown
/usr/bin/oslevel       = unknown
/bin/universe          = unknown

PATH: /home/bergsma/bin
PATH: /usr/local/sbin
PATH: /usr/local/bin
PATH: /usr/sbin
PATH: /usr/bin
PATH: /sbin
PATH: /bin
PATH: /usr/bin/X11
PATH: /usr/games


## ----------- ##
## Core tests. ##
## ----------- ##

configure:1346: checking for a BSD-compatible install
configure:1401: result: /usr/bin/install -c
configure:1412: checking whether build environment is sane
configure:1455: result: yes
configure:1470: checking whether make sets $(MAKE)
configure:1490: result: yes
configure:1522: checking for working aclocal-1.4
configure:1529: result: found
configure:1537: checking for working autoconf
configure:1544: result: found
configure:1552: checking for working automake-1.4
configure:1559: result: found
configure:1567: checking for working autoheader
configure:1574: result: found
configure:1582: checking for working makeinfo
configure:1593: result: missing
configure:1624: checking for a BSD-compatible install
configure:1679: result: /usr/bin/install -c
configure:1738: checking for gcc
configure:1754: found /usr/bin/gcc
configure:1764: result: gcc
configure:2008: checking for C compiler version
configure:2011: gcc --version </dev/null >&5
gcc (GCC) 4.0.3 (Ubuntu 4.0.3-1ubuntu5)
Copyright (C) 2006 Free Software Foundation, Inc.
This is free software; see the source for copying conditions.  There is NO
warranty; not even for MERCHANTABILITY or FITNESS FOR A PARTICULAR PURPOSE.

configure:2014: $? = 0
configure:2016: gcc -v </dev/null >&5
Using built-in specs.
Target: i486-linux-gnu
Configured with: ../src/configure -v --enable-languages=c,c++,java,f95,objc,ada,treelang --prefix=/usr --enable-shared --with-system-zlib --libexecdir=/usr/lib --without-included-gettext --enable-threads=posix --enable-nls --program-suffix=-4.0 --enable-__cxa_atexit --enable-clocale=gnu --enable-libstdcxx-debug --enable-java-awt=gtk-default --enable-gtk-cairo --with-java-home=/usr/lib/jvm/java-1.4.2-gcj-4.0-1.4.2.0/jre --enable-mpfr --disable-werror --with-tune=pentium4 --enable-checking=release i486-linux-gnu
Thread model: posix
gcc version 4.0.3 (Ubuntu 4.0.3-1ubuntu5)
configure:2019: $? = 0
configure:2021: gcc -V </dev/null >&5
gcc: '-V' option must have argument
configure:2024: $? = 1
configure:2047: checking for C compiler default output file name
configure:2050: gcc    conftest.c  >&5
configure:2053: $? = 0
configure:2099: result: a.out
configure:2104: checking whether the C compiler works
configure:2110: ./a.out
configure:2113: $? = 0
configure:2130: result: yes
configure:2137: checking whether we are cross compiling
configure:2139: result: no
configure:2142: checking for suffix of executables
configure:2144: gcc -o conftest    conftest.c  >&5
configure:2147: $? = 0
configure:2172: result: 
configure:2178: checking for suffix of object files
configure:2199: gcc -c   conftest.c >&5
configure:2202: $? = 0
configure:2224: result: o
configure:2228: checking whether we are using the GNU C compiler
configure:2252: gcc -c   conftest.c >&5
configure:2258: $? = 0
configure:2261: test -z 			 || test ! -s conftest.err
configure:2264: $? = 0
configure:2267: test -s conftest.o
configure:2270: $? = 0
configure:2283: result: yes
configure:2289: checking whether gcc accepts -g
configure:2310: gcc -c -g  conftest.c >&5
configure:2316: $? = 0
configure:2319: test -z 			 || test ! -s conftest.err
configure:2322: $? = 0
configure:2325: test -s conftest.o
configure:2328: $? = 0
configure:2339: result: yes
configure:2356: checking for gcc option to accept ANSI C
configure:2426: gcc  -c -g -O2  conftest.c >&5
configure:2432: $? = 0
configure:2435: test -z 			 || test ! -s conftest.err
configure:2438: $? = 0
configure:2441: test -s conftest.o
configure:2444: $? = 0
configure:2462: result: none needed
configure:2480: gcc -c -g -O2  conftest.c >&5
conftest.c:2: error: syntax error before 'me'
configure:2486: $? = 1
configure: failed program was:
| #ifndef __cplusplus
|   choke me
| #endif
configure:2642: checking how to run the C preprocessor
configure:2677: gcc -E  conftest.c
configure:2683: $? = 0
configure:2715: gcc -E  conftest.c
conftest.c:11:28: error: ac_nonexistent.h: No such file or directory
configure:2721: $? = 1
configure: failed program was:
| /* confdefs.h.  */
| 
| #define PACKAGE_NAME "hs"
| #define PACKAGE_TARNAME "hs"
| #define PACKAGE_VERSION "3.9.3"
| #define PACKAGE_STRING "hs 3.9.3"
| #define PACKAGE_BUGREPORT "support@abinition.com"
| #define PACKAGE "-Wall"
| #define VERSION ""
| /* end confdefs.h.  */
| #include <ac_nonexistent.h>
configure:2760: result: gcc -E
configure:2784: gcc -E  conftest.c
configure:2790: $? = 0
configure:2822: gcc -E  conftest.c
conftest.c:11:28: error: ac_nonexistent.h: No such file or directory
configure:2828: $? = 1
configure: failed program was:
| /* confdefs.h.  */
| 
| #define PACKAGE_NAME "hs"
| #define PACKAGE_TARNAME "hs"
| #define PACKAGE_VERSION "3.9.3"
| #define PACKAGE_STRING "hs 3.9.3"
| #define PACKAGE_BUGREPORT "support@abinition.com"
| #define PACKAGE "-Wall"
| #define VERSION ""
| /* end confdefs.h.  */
| #include <ac_nonexistent.h>
configure:2872: checking for egrep
configure:2882: result: grep -E
configure:2887: checking for ANSI C header files
configure:2912: gcc -c -g -O2  conftest.c >&5
configure:2918: $? = 0
configure:2921: test -z 			 || test ! -s conftest.err
configure:2924: $? = 0
configure:2927: test -s conftest.o
configure:2930: $? = 0
configure:3019: gcc -o conftest -g -O2   conftest.c  >&5
conftest.c: In function 'main':
conftest.c:28: warning: incompatible implicit declaration of built-in function 'exit'
configure:3022: $? = 0
configure:3024: ./conftest
configure:3027: $? = 0
configure:3042: result: yes
configure:3052: checking for sys/wait.h that is POSIX.1 compatible
configure:3083: gcc -c -g -O2  conftest.c >&5
configure:3089: $? = 0
configure:3092: test -z 			 || test ! -s conftest.err
configure:3095: $? = 0
configure:3098: test -s conftest.o
configure:3101: $? = 0
configure:3112: result: yes
configure:3136: checking for sys/types.h
configure:3152: gcc -c -g -O2  conftest.c >&5
configure:3158: $? = 0
configure:3161: test -z 			 || test ! -s conftest.err
configure:3164: $? = 0
configure:3167: test -s conftest.o
configure:3170: $? = 0
configure:3181: result: yes
configure:3136: checking for sys/stat.h
configure:3152: gcc -c -g -O2  conftest.c >&5
configure:3158: $? = 0
configure:3161: test -z 			 || test ! -s conftest.err
configure:3164: $? = 0
configure:3167: test -s conftest.o
configure:3170: $? = 0
configure:3181: result: yes
configure:3136: checking for stdlib.h
configure:3152: gcc -c -g -O2  conftest.c >&5
configure:3158: $? = 0
configure:3161: test -z 			 || test ! -s conftest.err
configure:3164: $? = 0
configure:3167: test -s conftest.o
configure:3170: $? = 0
configure:3181: result: yes
configure:3136: checking for string.h
configure:3152: gcc -c -g -O2  conftest.c >&5
configure:3158: $? = 0
configure:3161: test -z 			 || test ! -s conftest.err
configure:3164: $? = 0
configure:3167: test -s conftest.o
configure:3170: $? = 0
configure:3181: result: yes
configure:3136: checking for memory.h
configure:3152: gcc -c -g -O2  conftest.c >&5
configure:3158: $? = 0
configure:3161: test -z 			 || test ! -s conftest.err
configure:3164: $? = 0
configure:3167: test -s conftest.o
configure:3170: $? = 0
configure:3181: result: yes
configure:3136: checking for strings.h
configure:3152: gcc -c -g -O2  conftest.c >&5
configure:3158: $? = 0
configure:3161: test -z 			 || test ! -s conftest.err
configure:3164: $? = 0
configure:3167: test -s conftest.o
configure:3170: $? = 0
configure:3181: result: yes
configure:3136: checking for inttypes.h
configure:3152: gcc -c -g -O2  conftest.c >&5
configure:3158: $? = 0
configure:3161: test -z 			 || test ! -s conftest.err
configure:3164: $? = 0
configure:3167: test -s conftest.o
configure:3170: $? = 0
configure:3181: result: yes
configure:3136: checking for stdint.h
configure:3152: gcc -c -g -O2  conftest.c >&5
configure:3158: $? = 0
configure:3161: test -z 			 || test ! -s conftest.err
configure:3164: $? = 0
configure:3167: test -s conftest.o
configure:3170: $? = 0
configure:3181: result: yes
configure:3136: checking for unistd.h
configure:3152: gcc -c -g -O2  conftest.c >&5
configure:3158: $? = 0
configure:3161: test -z 			 || test ! -s conftest.err
configure:3164: $? = 0
configure:3167: test -s conftest.o
configure:3170: $? = 0
configure:3181: result: yes
configure:3219: checking arpa/inet.h usability
configure:3231: gcc -c -g -O2  conftest.c >&5
configure:3237: $? = 0
configure:3240: test -z 			 || test ! -s conftest.err
configure:3243: $? = 0
configure:3246: test -s conftest.o
configure:3249: $? = 0
configure:3259: result: yes
configure:3263: checking arpa/inet.h presence
configure:3273: gcc -E  conftest.c
configure:3279: $? = 0
configure:3299: result: yes
configure:3334: checking for arpa/inet.h
configure:3341: result: yes
configure:3219: checking fcntl.h usability
configure:3231: gcc -c -g -O2  conftest.c >&5
configure:3237: $? = 0
configure:3240: test -z 			 || test ! -s conftest.err
configure:3243: $? = 0
configure:3246: test -s conftest.o
configure:3249: $? = 0
configure:3259: result: yes
configure:3263: checking fcntl.h presence
configure:3273: gcc -E  conftest.c
configure:3279: $? = 0
configure:3299: result: yes
configure:3334: checking for fcntl.h
configure:3341: result: yes
configure:3219: checking netdb.h usability
configure:3231: gcc -c -g -O2  conftest.c >&5
configure:3237: $? = 0
configure:3240: test -z 			 || test ! -s conftest.err
configure:3243: $? = 0
configure:3246: test -s conftest.o
configure:3249: $? = 0
configure:3259: result: yes
configure:3263: checking netdb.h presence
configure:3273: gcc -E  conftest.c
configure:3279: $? = 0
configure:3299: result: yes
configure:3334: checking for netdb.h
configure:3341: result: yes
configure:3219: checking netinet/in.h usability
configure:3231: gcc -c -g -O2  conftest.c >&5
configure:3237: $? = 0
configure:3240: test -z 			 || test ! -s conftest.err
configure:3243: $? = 0
configure:3246: test -s conftest.o
configure:3249: $? = 0
configure:3259: result: yes
configure:3263: checking netinet/in.h presence
configure:3273: gcc -E  conftest.c
configure:3279: $? = 0
configure:3299: result: yes
configure:3334: checking for netinet/in.h
configure:3341: result: yes
configure:3219: checking stddef.h usability
configure:3231: gcc -c -g -O2  conftest.c >&5
configure:3237: $? = 0
configure:3240: test -z 			 || test ! -s conftest.err
configure:3243: $? = 0
configure:3246: test -s conftest.o
configure:3249: $? = 0
configure:3259: result: yes
configure:3263: checking stddef.h presence
configure:3273: gcc -E  conftest.c
configure:3279: $? = 0
configure:3299: result: yes
configure:3334: checking for stddef.h
configure:3341: result: yes
configure:3210: checking for stdlib.h
configure:3215: result: yes
configure:3210: checking for string.h
configure:3215: result: yes
configure:3219: checking sys/file.h usability
configure:3231: gcc -c -g -O2  conftest.c >&5
configure:3237: $? = 0
configure:3240: test -z 			 || test ! -s conftest.err
configure:3243: $? = 0
configure:3246: test -s conftest.o
configure:3249: $? = 0
configure:3259: result: yes
configure:3263: checking sys/file.h presence
configure:3273: gcc -E  conftest.c
configure:3279: $? = 0
configure:3299: result: yes
configure:3334: checking for sys/file.h
configure:3341: result: yes
configure:3219: checking sys/ioctl.h usability
configure:3231: gcc -c -g -O2  conftest.c >&5
configure:3237: $? = 0
configure:3240: test -z 			 || test ! -s conftest.err
configure:3243: $? = 0
configure:3246: test -s conftest.o
configure:3249: $? = 0
configure:3259: result: yes
configure:3263: checking sys/ioctl.h presence
configure:3273: gcc -E  conftest.c
configure:3279: $? = 0
configure:3299: result: yes
configure:3334: checking for sys/ioctl.h
configure:3341: result: yes
configure:3219: checking sys/socket.h usability
configure:3231: gcc -c -g -O2  conftest.c >&5
configure:3237: $? = 0
configure:3240: test -z 			 || test ! -s conftest.err
configure:3243: $? = 0
configure:3246: test -s conftest.o
configure:3249: $? = 0
configure:3259: result: yes
configure:3263: checking sys/socket.h presence
configure:3273: gcc -E  conftest.c
configure:3279: $? = 0
configure:3299: result: yes
configure:3334: checking for sys/socket.h
configure:3341: result: yes
configure:3219: checking sys/systeminfo.h usability
configure:3231: gcc -c -g -O2  conftest.c >&5
conftest.c:66:28: error: sys/systeminfo.h: No such file or directory
configure:3237: $? = 1
configure: failed program was:
| /* confdefs.h.  */
| 
| #define PACKAGE_NAME "hs"
| #define PACKAGE_TARNAME "hs"
| #define PACKAGE_VERSION "3.9.3"
| #define PACKAGE_STRING "hs 3.9.3"
| #define PACKAGE_BUGREPORT "support@abinition.com"
| #define PACKAGE "-Wall"
| #define VERSION ""
| #define STDC_HEADERS 1
| #define HAVE_SYS_WAIT_H 1
| #define HAVE_SYS_TYPES_H 1
| #define HAVE_SYS_STAT_H 1
| #define HAVE_STDLIB_H 1
| #define HAVE_STRING_H 1
| #define HAVE_MEMORY_H 1
| #define HAVE_STRINGS_H 1
| #define HAVE_INTTYPES_H 1
| #define HAVE_STDINT_H 1
| #define HAVE_UNISTD_H 1
| #define HAVE_ARPA_INET_H 1
| #define HAVE_FCNTL_H 1
| #define HAVE_NETDB_H 1
| #define HAVE_NETINET_IN_H 1
| #define HAVE_STDDEF_H 1
| #define HAVE_STDLIB_H 1
| #define HAVE_STRING_H 1
| #define HAVE_SYS_FILE_H 1
| #define HAVE_SYS_IOCTL_H 1
| #define HAVE_SYS_SOCKET_H 1
| /* end confdefs.h.  */
| #include <stdio.h>
| #if HAVE_SYS_TYPES_H
| # include <sys/types.h>
| #endif
| #if HAVE_SYS_STAT_H
| # include <sys/stat.h>
| #endif
| #if STDC_HEADERS
| # include <stdlib.h>
| # include <stddef.h>
| #else
| # if HAVE_STDLIB_H
| #  include <stdlib.h>
| # endif
| #endif
| #if HAVE_STRING_H
| # if !STDC_HEADERS && HAVE_MEMORY_H
| #  include <memory.h>
| # endif
| # include <string.h>
| #endif
| #if HAVE_STRINGS_H
| # include <strings.h>
| #endif
| #if HAVE_INTTYPES_H
| # include <inttypes.h>
| #else
| # if HAVE_STDINT_H
| #  include <stdint.h>
| # endif
| #endif
| #if HAVE_UNISTD_H
| # include <unistd.h>
| #endif
| #include <sys/systeminfo.h>
configure:3259: result: no
configure:3263: checking sys/systeminfo.h presence
configure:3273: gcc -E  conftest.c
conftest.c:32:28: error: sys/systeminfo.h: No such file or directory
configure:3279: $? = 1
configure: failed program was:
| /* confdefs.h.  */
| 
| #define PACKAGE_NAME "hs"
| #define PACKAGE_TARNAME "hs"
| #define PACKAGE_VERSION "3.9.3"
| #define PACKAGE_STRING "hs 3.9.3"
| #define PACKAGE_BUGREPORT "support@abinition.com"
| #define PACKAGE "-Wall"
| #define VERSION ""
| #define STDC_HEADERS 1
| #define HAVE_SYS_WAIT_H 1
| #define HAVE_SYS_TYPES_H 1
| #define HAVE_SYS_STAT_H 1
| #define HAVE_STDLIB_H 1
| #define HAVE_STRING_H 1
| #define HAVE_MEMORY_H 1
| #define HAVE_STRINGS_H 1
| #define HAVE_INTTYPES_H 1
| #define HAVE_STDINT_H 1
| #define HAVE_UNISTD_H 1
| #define HAVE_ARPA_INET_H 1
| #define HAVE_FCNTL_H 1
| #define HAVE_NETDB_H 1
| #define HAVE_NETINET_IN_H 1
| #define HAVE_STDDEF_H 1
| #define HAVE_STDLIB_H 1
| #define HAVE_STRING_H 1
| #define HAVE_SYS_FILE_H 1
| #define HAVE_SYS_IOCTL_H 1
| #define HAVE_SYS_SOCKET_H 1
| /* end confdefs.h.  */
| #include <sys/systeminfo.h>
configure:3299: result: no
configure:3334: checking for sys/systeminfo.h
configure:3341: result: no
configure:3219: checking sys/time.h usability
configure:3231: gcc -c -g -O2  conftest.c >&5
configure:3237: $? = 0
configure:3240: test -z 			 || test ! -s conftest.err
configure:3243: $? = 0
configure:3246: test -s conftest.o
configure:3249: $? = 0
configure:3259: result: yes
configure:3263: checking sys/time.h presence
configure:3273: gcc -E  conftest.c
configure:3279: $? = 0
configure:3299: result: yes
configure:3334: checking for sys/time.h
configure:3341: result: yes
configure:3210: checking for unistd.h
configure:3215: result: yes
configure:3356: checking for an ANSI C-conforming const
configure:3423: gcc -c -g -O2  conftest.c >&5
configure:3429: $? = 0
configure:3432: test -z 			 || test ! -s conftest.err
configure:3435: $? = 0
configure:3438: test -s conftest.o
configure:3441: $? = 0
configure:3452: result: yes
configure:3462: checking for pid_t
configure:3486: gcc -c -g -O2  conftest.c >&5
configure:3492: $? = 0
configure:3495: test -z 			 || test ! -s conftest.err
configure:3498: $? = 0
configure:3501: test -s conftest.o
configure:3504: $? = 0
configure:3515: result: yes
configure:3527: checking for size_t
configure:3551: gcc -c -g -O2  conftest.c >&5
configure:3557: $? = 0
configure:3560: test -z 			 || test ! -s conftest.err
configure:3563: $? = 0
configure:3566: test -s conftest.o
configure:3569: $? = 0
configure:3580: result: yes
configure:3592: checking whether time.h and sys/time.h may both be included
configure:3617: gcc -c -g -O2  conftest.c >&5
configure:3623: $? = 0
configure:3626: test -z 			 || test ! -s conftest.err
configure:3629: $? = 0
configure:3632: test -s conftest.o
configure:3635: $? = 0
configure:3646: result: yes
configure:3656: checking whether struct tm is in sys/time.h or time.h
configure:3679: gcc -c -g -O2  conftest.c >&5
configure:3685: $? = 0
configure:3688: test -z 			 || test ! -s conftest.err
configure:3691: $? = 0
configure:3694: test -s conftest.o
configure:3697: $? = 0
configure:3708: result: time.h
configure:3718: checking for uid_t in sys/types.h
configure:3741: result: yes
configure:3758: checking for error_at_line
configure:3779: gcc -o conftest -g -O2   conftest.c  >&5
configure:3785: $? = 0
configure:3788: test -z 			 || test ! -s conftest.err
configure:3791: $? = 0
configure:3794: test -s conftest
configure:3797: $? = 0
configure:3809: result: yes
configure:3828: checking for unistd.h
configure:3833: result: yes
configure:3837: checking vfork.h usability
configure:3849: gcc -c -g -O2  conftest.c >&5
conftest.c:70:19: error: vfork.h: No such file or directory
configure:3855: $? = 1
configure: failed program was:
| /* confdefs.h.  */
| 
| #define PACKAGE_NAME "hs"
| #define PACKAGE_TARNAME "hs"
| #define PACKAGE_VERSION "3.9.3"
| #define PACKAGE_STRING "hs 3.9.3"
| #define PACKAGE_BUGREPORT "support@abinition.com"
| #define PACKAGE "-Wall"
| #define VERSION ""
| #define STDC_HEADERS 1
| #define HAVE_SYS_WAIT_H 1
| #define HAVE_SYS_TYPES_H 1
| #define HAVE_SYS_STAT_H 1
| #define HAVE_STDLIB_H 1
| #define HAVE_STRING_H 1
| #define HAVE_MEMORY_H 1
| #define HAVE_STRINGS_H 1
| #define HAVE_INTTYPES_H 1
| #define HAVE_STDINT_H 1
| #define HAVE_UNISTD_H 1
| #define HAVE_ARPA_INET_H 1
| #define HAVE_FCNTL_H 1
| #define HAVE_NETDB_H 1
| #define HAVE_NETINET_IN_H 1
| #define HAVE_STDDEF_H 1
| #define HAVE_STDLIB_H 1
| #define HAVE_STRING_H 1
| #define HAVE_SYS_FILE_H 1
| #define HAVE_SYS_IOCTL_H 1
| #define HAVE_SYS_SOCKET_H 1
| #define HAVE_SYS_TIME_H 1
| #define HAVE_UNISTD_H 1
| #define TIME_WITH_SYS_TIME 1
| #define HAVE_UNISTD_H 1
| /* end confdefs.h.  */
| #include <stdio.h>
| #if HAVE_SYS_TYPES_H
| # include <sys/types.h>
| #endif
| #if HAVE_SYS_STAT_H
| # include <sys/stat.h>
| #endif
| #if STDC_HEADERS
| # include <stdlib.h>
| # include <stddef.h>
| #else
| # if HAVE_STDLIB_H
| #  include <stdlib.h>
| # endif
| #endif
| #if HAVE_STRING_H
| # if !STDC_HEADERS && HAVE_MEMORY_H
| #  include <memory.h>
| # endif
| # include <string.h>
| #endif
| #if HAVE_STRINGS_H
| # include <strings.h>
| #endif
| #if HAVE_INTTYPES_H
| # include <inttypes.h>
| #else
| # if HAVE_STDINT_H
| #  include <stdint.h>
| # endif
| #endif
| #if HAVE_UNISTD_H
| # include <unistd.h>
| #endif
| #include <vfork.h>
configure:3877: result: no
configure:3881: checking vfork.h presence
configure:3891: gcc -E  conftest.c
conftest.c:36:19: error: vfork.h: No such file or directory
configure:3897: $? = 1
configure: failed program was:
| /* confdefs.h.  */
| 
| #define PACKAGE_NAME "hs"
| #define PACKAGE_TARNAME "hs"
| #define PACKAGE_VERSION "3.9.3"
| #define PACKAGE_STRING "hs 3.9.3"
| #define PACKAGE_BUGREPORT "support@abinition.com"
| #define PACKAGE "-Wall"
| #define VERSION ""
| #define STDC_HEADERS 1
| #define HAVE_SYS_WAIT_H 1
| #define HAVE_SYS_TYPES_H 1
| #define HAVE_SYS_STAT_H 1
| #define HAVE_STDLIB_H 1
| #define HAVE_STRING_H 1
| #define HAVE_MEMORY_H 1
| #define HAVE_STRINGS_H 1
| #define HAVE_INTTYPES_H 1
| #define HAVE_STDINT_H 1
| #define HAVE_UNISTD_H 1
| #define HAVE_ARPA_INET_H 1
| #define HAVE_FCNTL_H 1
| #define HAVE_NETDB_H 1
| #define HAVE_NETINET_IN_H 1
| #define HAVE_STDDEF_H 1
| #define HAVE_STDLIB_H 1
| #define HAVE_STRING_H 1
| #define HAVE_SYS_FILE_H 1
| #define HAVE_SYS_IOCTL_H 1
| #define HAVE_SYS_SOCKET_H 1
| #define HAVE_SYS_TIME_H 1
| #define HAVE_UNISTD_H 1
| #define TIME_WITH_SYS_TIME 1
| #define HAVE_UNISTD_H 1
| /* end confdefs.h.  */
| #include <vfork.h>
configure:3917: result: no
configure:3952: checking for vfork.h
configure:3959: result: no
configure:3977: checking for fork
configure:4034: gcc -o conftest -g -O2   conftest.c  >&5
conftest.c:60: warning: conflicting types for built-in function 'fork'
configure:4040: $? = 0
configure:4043: test -z 			 || test ! -s conftest.err
configure:4046: $? = 0
configure:4049: test -s conftest
configure:4052: $? = 0
configure:4064: result: yes
configure:3977: checking for vfork
configure:4034: gcc -o conftest -g -O2   conftest.c  >&5
configure:4040: $? = 0
configure:4043: test -z 			 || test ! -s conftest.err
configure:4046: $? = 0
configure:4049: test -s conftest
configure:4052: $? = 0
configure:4064: result: yes
configure:4075: checking for working fork
configure:4104: gcc -o conftest -g -O2   conftest.c  >&5
configure:4107: $? = 0
configure:4109: ./conftest
configure:4112: $? = 0
configure:4126: result: yes
configure:4147: checking for working vfork
configure:4280: result: yes
configure:4312: checking whether gcc needs -traditional
configure:4354: result: no
configure:4366: checking for stdlib.h
configure:4371: result: yes
configure:4510: checking for GNU libc compatible malloc
configure:4539: gcc -o conftest -g -O2   conftest.c  >&5
configure:4542: $? = 0
configure:4544: ./conftest
configure:4547: $? = 0
configure:4561: result: yes
configure:4591: checking for working memcmp
configure:4639: gcc -o conftest -g -O2   conftest.c  >&5
configure:4642: $? = 0
configure:4644: ./conftest
configure:4647: $? = 0
configure:4661: result: yes
configure:4677: checking for stdlib.h
configure:4682: result: yes
configure:4821: checking for GNU libc compatible realloc
configure:4850: gcc -o conftest -g -O2   conftest.c  >&5
configure:4853: $? = 0
configure:4855: ./conftest
configure:4858: $? = 0
configure:4872: result: yes
configure:4917: checking sys/select.h usability
configure:4929: gcc -c -g -O2  conftest.c >&5
configure:4935: $? = 0
configure:4938: test -z 			 || test ! -s conftest.err
configure:4941: $? = 0
configure:4944: test -s conftest.o
configure:4947: $? = 0
configure:4957: result: yes
configure:4961: checking sys/select.h presence
configure:4971: gcc -E  conftest.c
configure:4977: $? = 0
configure:4997: result: yes
configure:5032: checking for sys/select.h
configure:5039: result: yes
configure:4908: checking for sys/socket.h
configure:4913: result: yes
configure:5052: checking types of arguments for select
configure:5085: gcc -c -g -O2  conftest.c >&5
configure:5091: $? = 0
configure:5094: test -z 			 || test ! -s conftest.err
configure:5097: $? = 0
configure:5100: test -s conftest.o
configure:5103: $? = 0
configure:5119: result: int,fd_set *,struct timeval *
configure:5142: checking return type of signal handlers
configure:5173: gcc -c -g -O2  conftest.c >&5
configure:5179: $? = 0
configure:5182: test -z 			 || test ! -s conftest.err
configure:5185: $? = 0
configure:5188: test -s conftest.o
configure:5191: $? = 0
configure:5202: result: void
configure:5210: checking whether lstat dereferences a symlink specified with a trailing slash
configure:5241: gcc -o conftest -g -O2   conftest.c  >&5
configure:5244: $? = 0
configure:5246: ./conftest
configure:5249: $? = 0
configure:5270: result: yes
configure:5291: checking whether stat accepts an empty string
configure:5316: gcc -o conftest -g -O2   conftest.c  >&5
configure:5319: $? = 0
configure:5321: ./conftest
configure:5324: $? = 1
configure: program exited with status 1
configure: failed program was:
| /* confdefs.h.  */
| 
| #define PACKAGE_NAME "hs"
| #define PACKAGE_TARNAME "hs"
| #define PACKAGE_VERSION "3.9.3"
| #define PACKAGE_STRING "hs 3.9.3"
| #define PACKAGE_BUGREPORT "support@abinition.com"
| #define PACKAGE "-Wall"
| #define VERSION ""
| #define STDC_HEADERS 1
| #define HAVE_SYS_WAIT_H 1
| #define HAVE_SYS_TYPES_H 1
| #define HAVE_SYS_STAT_H 1
| #define HAVE_STDLIB_H 1
| #define HAVE_STRING_H 1
| #define HAVE_MEMORY_H 1
| #define HAVE_STRINGS_H 1
| #define HAVE_INTTYPES_H 1
| #define HAVE_STDINT_H 1
| #define HAVE_UNISTD_H 1
| #define HAVE_ARPA_INET_H 1
| #define HAVE_FCNTL_H 1
| #define HAVE_NETDB_H 1
| #define HAVE_NETINET_IN_H 1
| #define HAVE_STDDEF_H 1
| #define HAVE_STDLIB_H 1
| #define HAVE_STRING_H 1
| #define HAVE_SYS_FILE_H 1
| #define HAVE_SYS_IOCTL_H 1
| #define HAVE_SYS_SOCKET_H 1
| #define HAVE_SYS_TIME_H 1
| #define HAVE_UNISTD_H 1
| #define TIME_WITH_SYS_TIME 1
| #define HAVE_UNISTD_H 1
| #define HAVE_FORK 1
| #define HAVE_VFORK 1
| #define HAVE_WORKING_VFORK 1
| #define HAVE_WORKING_FORK 1
| #define HAVE_STDLIB_H 1
| #define HAVE_MALLOC 1
| #define HAVE_STDLIB_H 1
| #define HAVE_REALLOC 1
| #define HAVE_SYS_SELECT_H 1
| #define HAVE_SYS_SOCKET_H 1
| #define SELECT_TYPE_ARG1 int
| #define SELECT_TYPE_ARG234 (fd_set *)
| #define SELECT_TYPE_ARG5 (struct timeval *)
| #define RETSIGTYPE void
| #define LSTAT_FOLLOWS_SLASHED_SYMLINK 1
| /* end confdefs.h.  */
| #include <stdio.h>
| #if HAVE_SYS_TYPES_H
| # include <sys/types.h>
| #endif
| #if HAVE_SYS_STAT_H
| # include <sys/stat.h>
| #endif
| #if STDC_HEADERS
| # include <stdlib.h>
| # include <stddef.h>
| #else
| # if HAVE_STDLIB_H
| #  include <stdlib.h>
| # endif
| #endif
| #if HAVE_STRING_H
| # if !STDC_HEADERS && HAVE_MEMORY_H
| #  include <memory.h>
| # endif
| # include <string.h>
| #endif
| #if HAVE_STRINGS_H
| # include <strings.h>
| #endif
| #if HAVE_INTTYPES_H
| # include <inttypes.h>
| #else
| # if HAVE_STDINT_H
| #  include <stdint.h>
| # endif
| #endif
| #if HAVE_UNISTD_H
| # include <unistd.h>
| #endif
| int
| main ()
| {
| struct stat sbuf;
|   exit (stat ("", &sbuf) ? 1 : 0);
|   ;
|   return 0;
| }
configure:5338: result: no
configure:5360: checking for strftime
configure:5417: gcc -o conftest -g -O2   conftest.c  >&5
conftest.c:75: warning: conflicting types for built-in function 'strftime'
configure:5423: $? = 0
configure:5426: test -z 			 || test ! -s conftest.err
configure:5429: $? = 0
configure:5432: test -s conftest
configure:5435: $? = 0
configure:5447: result: yes
configure:5534: checking for vprintf
configure:5591: gcc -o conftest -g -O2   conftest.c  >&5
conftest.c:76: warning: conflicting types for built-in function 'vprintf'
configure:5597: $? = 0
configure:5600: test -z 			 || test ! -s conftest.err
configure:5603: $? = 0
configure:5606: test -s conftest
configure:5609: $? = 0
configure:5621: result: yes
configure:5628: checking for _doprnt
configure:5685: gcc -o conftest -g -O2   conftest.c  >&5
/tmp/ccIhgUkD.o: In function `main':/home/bergsma/securebob/code/conftest.c:92: undefined reference to `_doprnt'
/tmp/ccIhgUkD.o:(.data+0x0): undefined reference to `_doprnt'
collect2: ld returned 1 exit status
configure:5691: $? = 1
configure: failed program was:
| /* confdefs.h.  */
| 
| #define PACKAGE_NAME "hs"
| #define PACKAGE_TARNAME "hs"
| #define PACKAGE_VERSION "3.9.3"
| #define PACKAGE_STRING "hs 3.9.3"
| #define PACKAGE_BUGREPORT "support@abinition.com"
| #define PACKAGE "-Wall"
| #define VERSION ""
| #define STDC_HEADERS 1
| #define HAVE_SYS_WAIT_H 1
| #define HAVE_SYS_TYPES_H 1
| #define HAVE_SYS_STAT_H 1
| #define HAVE_STDLIB_H 1
| #define HAVE_STRING_H 1
| #define HAVE_MEMORY_H 1
| #define HAVE_STRINGS_H 1
| #define HAVE_INTTYPES_H 1
| #define HAVE_STDINT_H 1
| #define HAVE_UNISTD_H 1
| #define HAVE_ARPA_INET_H 1
| #define HAVE_FCNTL_H 1
| #define HAVE_NETDB_H 1
| #define HAVE_NETINET_IN_H 1
| #define HAVE_STDDEF_H 1
| #define HAVE_STDLIB_H 1
| #define HAVE_STRING_H 1
| #define HAVE_SYS_FILE_H 1
| #define HAVE_SYS_IOCTL_H 1
| #define HAVE_SYS_SOCKET_H 1
| #define HAVE_SYS_TIME_H 1
| #define HAVE_UNISTD_H 1
| #define TIME_WITH_SYS_TIME 1
| #define HAVE_UNISTD_H 1
| #define HAVE_FORK 1
| #define HAVE_VFORK 1
| #define HAVE_WORKING_VFORK 1
| #define HAVE_WORKING_FORK 1
| #define HAVE_STDLIB_H 1
| #define HAVE_MALLOC 1
| #define HAVE_STDLIB_H 1
| #define HAVE_REALLOC 1
| #define HAVE_SYS_SELECT_H 1
| #define HAVE_SYS_SOCKET_H 1
| #define SELECT_TYPE_ARG1 int
| #define SELECT_TYPE_ARG234 (fd_set *)
| #define SELECT_TYPE_ARG5 (struct timeval *)
| #define RETSIGTYPE void
| #define LSTAT_FOLLOWS_SLASHED_SYMLINK 1
| #define HAVE_STRFTIME 1
| #define HAVE_VPRINTF 1
| /* end confdefs.h.  */
| /* Define _doprnt to an innocuous variant, in case <limits.h> declares _doprnt.
|    For example, HP-UX 11i <limits.h> declares gettimeofday.  */
| #define _doprnt innocuous__doprnt
| 
| /* System header to define __stub macros and hopefully few prototypes,
|     which can conflict with char _doprnt (); below.
|     Prefer <limits.h> to <assert.h> if __STDC__ is defined, since
|     <limits.h> exists even on freestanding compilers.  */
| 
| #ifdef __STDC__
| # include <limits.h>
| #else
| # include <assert.h>
| #endif
| 
| #undef _doprnt
| 
| /* Override any gcc2 internal prototype to avoid an error.  */
| #ifdef __cplusplus
| extern "C"
| {
| #endif
| /* We use char because int might match the return type of a gcc2
|    builtin and then its argument prototype would still apply.  */
| char _doprnt ();
| /* The GNU C library defines this for functions which it implements
|     to always fail with ENOSYS.  Some functions are actually named
|     something starting with __ and the normal name is an alias.  */
| #if defined (__stub__doprnt) || defined (__stub____doprnt)
| choke me
| #else
| char (*f) () = _doprnt;
| #endif
| #ifdef __cplusplus
| }
| #endif
| 
| int
| main ()
| {
| return f != _doprnt;
|   ;
|   return 0;
| }
configure:5715: result: no
configure:5760: checking for alarm
configure:5817: gcc -o conftest -g -O2   conftest.c  >&5
configure:5823: $? = 0
configure:5826: test -z 			 || test ! -s conftest.err
configure:5829: $? = 0
configure:5832: test -s conftest
configure:5835: $? = 0
configure:5847: result: yes
configure:5760: checking for bzero
configure:5817: gcc -o conftest -g -O2   conftest.c  >&5
conftest.c:78: warning: conflicting types for built-in function 'bzero'
configure:5823: $? = 0
configure:5826: test -z 			 || test ! -s conftest.err
configure:5829: $? = 0
configure:5832: test -s conftest
configure:5835: $? = 0
configure:5847: result: yes
configure:5760: checking for dup2
configure:5817: gcc -o conftest -g -O2   conftest.c  >&5
configure:5823: $? = 0
configure:5826: test -z 			 || test ! -s conftest.err
configure:5829: $? = 0
configure:5832: test -s conftest
configure:5835: $? = 0
configure:5847: result: yes
configure:5760: checking for floor
configure:5817: gcc -o conftest -g -O2   conftest.c  >&5
conftest.c:80: warning: conflicting types for built-in function 'floor'
/tmp/ccQ4hMyy.o: In function `main':/home/bergsma/securebob/code/conftest.c:95: undefined reference to `floor'
/tmp/ccQ4hMyy.o:(.data+0x0): undefined reference to `floor'
collect2: ld returned 1 exit status
configure:5823: $? = 1
configure: failed program was:
| /* confdefs.h.  */
| 
| #define PACKAGE_NAME "hs"
| #define PACKAGE_TARNAME "hs"
| #define PACKAGE_VERSION "3.9.3"
| #define PACKAGE_STRING "hs 3.9.3"
| #define PACKAGE_BUGREPORT "support@abinition.com"
| #define PACKAGE "-Wall"
| #define VERSION ""
| #define STDC_HEADERS 1
| #define HAVE_SYS_WAIT_H 1
| #define HAVE_SYS_TYPES_H 1
| #define HAVE_SYS_STAT_H 1
| #define HAVE_STDLIB_H 1
| #define HAVE_STRING_H 1
| #define HAVE_MEMORY_H 1
| #define HAVE_STRINGS_H 1
| #define HAVE_INTTYPES_H 1
| #define HAVE_STDINT_H 1
| #define HAVE_UNISTD_H 1
| #define HAVE_ARPA_INET_H 1
| #define HAVE_FCNTL_H 1
| #define HAVE_NETDB_H 1
| #define HAVE_NETINET_IN_H 1
| #define HAVE_STDDEF_H 1
| #define HAVE_STDLIB_H 1
| #define HAVE_STRING_H 1
| #define HAVE_SYS_FILE_H 1
| #define HAVE_SYS_IOCTL_H 1
| #define HAVE_SYS_SOCKET_H 1
| #define HAVE_SYS_TIME_H 1
| #define HAVE_UNISTD_H 1
| #define TIME_WITH_SYS_TIME 1
| #define HAVE_UNISTD_H 1
| #define HAVE_FORK 1
| #define HAVE_VFORK 1
| #define HAVE_WORKING_VFORK 1
| #define HAVE_WORKING_FORK 1
| #define HAVE_STDLIB_H 1
| #define HAVE_MALLOC 1
| #define HAVE_STDLIB_H 1
| #define HAVE_REALLOC 1
| #define HAVE_SYS_SELECT_H 1
| #define HAVE_SYS_SOCKET_H 1
| #define SELECT_TYPE_ARG1 int
| #define SELECT_TYPE_ARG234 (fd_set *)
| #define SELECT_TYPE_ARG5 (struct timeval *)
| #define RETSIGTYPE void
| #define LSTAT_FOLLOWS_SLASHED_SYMLINK 1
| #define HAVE_STRFTIME 1
| #define HAVE_VPRINTF 1
| #define HAVE_ALARM 1
| #define HAVE_BZERO 1
| #define HAVE_DUP2 1
| /* end confdefs.h.  */
| /* Define floor to an innocuous variant, in case <limits.h> declares floor.
|    For example, HP-UX 11i <limits.h> declares gettimeofday.  */
| #define floor innocuous_floor
| 
| /* System header to define __stub macros and hopefully few prototypes,
|     which can conflict with char floor (); below.
|     Prefer <limits.h> to <assert.h> if __STDC__ is defined, since
|     <limits.h> exists even on freestanding compilers.  */
| 
| #ifdef __STDC__
| # include <limits.h>
| #else
| # include <assert.h>
| #endif
| 
| #undef floor
| 
| /* Override any gcc2 internal prototype to avoid an error.  */
| #ifdef __cplusplus
| extern "C"
| {
| #endif
| /* We use char because int might match the return type of a gcc2
|    builtin and then its argument prototype would still apply.  */
| char floor ();
| /* The GNU C library defines this for functions which it implements
|     to always fail with ENOSYS.  Some functions are actually named
|     something starting with __ and the normal name is an alias.  */
| #if defined (__stub_floor) || defined (__stub___floor)
| choke me
| #else
| char (*f) () = floor;
| #endif
| #ifdef __cplusplus
| }
| #endif
| 
| int
| main ()
| {
| return f != floor;
|   ;
|   return 0;
| }
configure:5847: result: no
configure:5760: checking for gethostbyaddr
configure:5817: gcc -o conftest -g -O2   conftest.c  >&5
configure:5823: $? = 0
configure:5826: test -z 			 || test ! -s conftest.err
configure:5829: $? = 0
configure:5832: test -s conftest
configure:5835: $? = 0
configure:5847: result: yes
configure:5760: checking for gethostbyname
configure:5817: gcc -o conftest -g -O2   conftest.c  >&5
configure:5823: $? = 0
configure:5826: test -z 			 || test ! -s conftest.err
configure:5829: $? = 0
configure:5832: test -s conftest
configure:5835: $? = 0
configure:5847: result: yes
configure:5760: checking for gethostname
configure:5817: gcc -o conftest -g -O2   conftest.c  >&5
configure:5823: $? = 0
configure:5826: test -z 			 || test ! -s conftest.err
configure:5829: $? = 0
configure:5832: test -s conftest
configure:5835: $? = 0
configure:5847: result: yes
configure:5760: checking for gettimeofday
configure:5817: gcc -o conftest -g -O2   conftest.c  >&5
configure:5823: $? = 0
configure:5826: test -z 			 || test ! -s conftest.err
configure:5829: $? = 0
configure:5832: test -s conftest
configure:5835: $? = 0
configure:5847: result: yes
configure:5760: checking for inet_ntoa
configure:5817: gcc -o conftest -g -O2   conftest.c  >&5
configure:5823: $? = 0
configure:5826: test -z 			 || test ! -s conftest.err
configure:5829: $? = 0
configure:5832: test -s conftest
configure:5835: $? = 0
configure:5847: result: yes
configure:5760: checking for memchr
configure:5817: gcc -o conftest -g -O2   conftest.c  >&5
configure:5823: $? = 0
configure:5826: test -z 			 || test ! -s conftest.err
configure:5829: $? = 0
configure:5832: test -s conftest
configure:5835: $? = 0
configure:5847: result: yes
configure:5760: checking for memmove
configure:5817: gcc -o conftest -g -O2   conftest.c  >&5
conftest.c:86: warning: conflicting types for built-in function 'memmove'
configure:5823: $? = 0
configure:5826: test -z 			 || test ! -s conftest.err
configure:5829: $? = 0
configure:5832: test -s conftest
configure:5835: $? = 0
configure:5847: result: yes
configure:5760: checking for memset
configure:5817: gcc -o conftest -g -O2   conftest.c  >&5
conftest.c:87: warning: conflicting types for built-in function 'memset'
configure:5823: $? = 0
configure:5826: test -z 			 || test ! -s conftest.err
configure:5829: $? = 0
configure:5832: test -s conftest
configure:5835: $? = 0
configure:5847: result: yes
configure:5760: checking for mkdir
configure:5817: gcc -o conftest -g -O2   conftest.c  >&5
configure:5823: $? = 0
configure:5826: test -z 			 || test ! -s conftest.err
configure:5829: $? = 0
configure:5832: test -s conftest
configure:5835: $? = 0
configure:5847: result: yes
configure:5760: checking for mkfifo
configure:5817: gcc -o conftest -g -O2   conftest.c  >&5
configure:5823: $? = 0
configure:5826: test -z 			 || test ! -s conftest.err
configure:5829: $? = 0
configure:5832: test -s conftest
configure:5835: $? = 0
configure:5847: result: yes
configure:5760: checking for pow
configure:5817: gcc -o conftest -g -O2   conftest.c  >&5
conftest.c:90: warning: conflicting types for built-in function 'pow'
/tmp/cc86OsRW.o: In function `main':/home/bergsma/securebob/code/conftest.c:105: undefined reference to `pow'
/tmp/cc86OsRW.o:(.data+0x0): undefined reference to `pow'
collect2: ld returned 1 exit status
configure:5823: $? = 1
configure: failed program was:
| /* confdefs.h.  */
| 
| #define PACKAGE_NAME "hs"
| #define PACKAGE_TARNAME "hs"
| #define PACKAGE_VERSION "3.9.3"
| #define PACKAGE_STRING "hs 3.9.3"
| #define PACKAGE_BUGREPORT "support@abinition.com"
| #define PACKAGE "-Wall"
| #define VERSION ""
| #define STDC_HEADERS 1
| #define HAVE_SYS_WAIT_H 1
| #define HAVE_SYS_TYPES_H 1
| #define HAVE_SYS_STAT_H 1
| #define HAVE_STDLIB_H 1
| #define HAVE_STRING_H 1
| #define HAVE_MEMORY_H 1
| #define HAVE_STRINGS_H 1
| #define HAVE_INTTYPES_H 1
| #define HAVE_STDINT_H 1
| #define HAVE_UNISTD_H 1
| #define HAVE_ARPA_INET_H 1
| #define HAVE_FCNTL_H 1
| #define HAVE_NETDB_H 1
| #define HAVE_NETINET_IN_H 1
| #define HAVE_STDDEF_H 1
| #define HAVE_STDLIB_H 1
| #define HAVE_STRING_H 1
| #define HAVE_SYS_FILE_H 1
| #define HAVE_SYS_IOCTL_H 1
| #define HAVE_SYS_SOCKET_H 1
| #define HAVE_SYS_TIME_H 1
| #define HAVE_UNISTD_H 1
| #define TIME_WITH_SYS_TIME 1
| #define HAVE_UNISTD_H 1
| #define HAVE_FORK 1
| #define HAVE_VFORK 1
| #define HAVE_WORKING_VFORK 1
| #define HAVE_WORKING_FORK 1
| #define HAVE_STDLIB_H 1
| #define HAVE_MALLOC 1
| #define HAVE_STDLIB_H 1
| #define HAVE_REALLOC 1
| #define HAVE_SYS_SELECT_H 1
| #define HAVE_SYS_SOCKET_H 1
| #define SELECT_TYPE_ARG1 int
| #define SELECT_TYPE_ARG234 (fd_set *)
| #define SELECT_TYPE_ARG5 (struct timeval *)
| #define RETSIGTYPE void
| #define LSTAT_FOLLOWS_SLASHED_SYMLINK 1
| #define HAVE_STRFTIME 1
| #define HAVE_VPRINTF 1
| #define HAVE_ALARM 1
| #define HAVE_BZERO 1
| #define HAVE_DUP2 1
| #define HAVE_GETHOSTBYADDR 1
| #define HAVE_GETHOSTBYNAME 1
| #define HAVE_GETHOSTNAME 1
| #define HAVE_GETTIMEOFDAY 1
| #define HAVE_INET_NTOA 1
| #define HAVE_MEMCHR 1
| #define HAVE_MEMMOVE 1
| #define HAVE_MEMSET 1
| #define HAVE_MKDIR 1
| #define HAVE_MKFIFO 1
| /* end confdefs.h.  */
| /* Define pow to an innocuous variant, in case <limits.h> declares pow.
|    For example, HP-UX 11i <limits.h> declares gettimeofday.  */
| #define pow innocuous_pow
| 
| /* System header to define __stub macros and hopefully few prototypes,
|     which can conflict with char pow (); below.
|     Prefer <limits.h> to <assert.h> if __STDC__ is defined, since
|     <limits.h> exists even on freestanding compilers.  */
| 
| #ifdef __STDC__
| # include <limits.h>
| #else
| # include <assert.h>
| #endif
| 
| #undef pow
| 
| /* Override any gcc2 internal prototype to avoid an error.  */
| #ifdef __cplusplus
| extern "C"
| {
| #endif
| /* We use char because int might match the return type of a gcc2
|    builtin and then its argument prototype would still apply.  */
| char pow ();
| /* The GNU C library defines this for functions which it implements
|     to always fail with ENOSYS.  Some functions are actually named
|     something starting with __ and the normal name is an alias.  */
| #if defined (__stub_pow) || defined (__stub___pow)
| choke me
| #else
| char (*f) () = pow;
| #endif
| #ifdef __cplusplus
| }
| #endif
| 
| int
| main ()
| {
| return f != pow;
|   ;
|   return 0;
| }
configure:5847: result: no
configure:5760: checking for putenv
configure:5817: gcc -o conftest -g -O2   conftest.c  >&5
configure:5823: $? = 0
configure:5826: test -z 			 || test ! -s conftest.err
configure:5829: $? = 0
configure:5832: test -s conftest
configure:5835: $? = 0
configure:5847: result: yes
configure:5760: checking for select
configure:5817: gcc -o conftest -g -O2   conftest.c  >&5
configure:5823: $? = 0
configure:5826: test -z 			 || test ! -s conftest.err
configure:5829: $? = 0
configure:5832: test -s conftest
configure:5835: $? = 0
configure:5847: result: yes
configure:5760: checking for setenv
configure:5817: gcc -o conftest -g -O2   conftest.c  >&5
configure:5823: $? = 0
configure:5826: test -z 			 || test ! -s conftest.err
configure:5829: $? = 0
configure:5832: test -s conftest
configure:5835: $? = 0
configure:5847: result: yes
configure:5760: checking for socket
configure:5817: gcc -o conftest -g -O2   conftest.c  >&5
configure:5823: $? = 0
configure:5826: test -z 			 || test ! -s conftest.err
configure:5829: $? = 0
configure:5832: test -s conftest
configure:5835: $? = 0
configure:5847: result: yes
configure:5760: checking for sqrt
configure:5817: gcc -o conftest -g -O2   conftest.c  >&5
conftest.c:94: warning: conflicting types for built-in function 'sqrt'
/tmp/ccGVSFTO.o: In function `main':/home/bergsma/securebob/code/conftest.c:109: undefined reference to `sqrt'
/tmp/ccGVSFTO.o:(.data+0x0): undefined reference to `sqrt'
collect2: ld returned 1 exit status
configure:5823: $? = 1
configure: failed program was:
| /* confdefs.h.  */
| 
| #define PACKAGE_NAME "hs"
| #define PACKAGE_TARNAME "hs"
| #define PACKAGE_VERSION "3.9.3"
| #define PACKAGE_STRING "hs 3.9.3"
| #define PACKAGE_BUGREPORT "support@abinition.com"
| #define PACKAGE "-Wall"
| #define VERSION ""
| #define STDC_HEADERS 1
| #define HAVE_SYS_WAIT_H 1
| #define HAVE_SYS_TYPES_H 1
| #define HAVE_SYS_STAT_H 1
| #define HAVE_STDLIB_H 1
| #define HAVE_STRING_H 1
| #define HAVE_MEMORY_H 1
| #define HAVE_STRINGS_H 1
| #define HAVE_INTTYPES_H 1
| #define HAVE_STDINT_H 1
| #define HAVE_UNISTD_H 1
| #define HAVE_ARPA_INET_H 1
| #define HAVE_FCNTL_H 1
| #define HAVE_NETDB_H 1
| #define HAVE_NETINET_IN_H 1
| #define HAVE_STDDEF_H 1
| #define HAVE_STDLIB_H 1
| #define HAVE_STRING_H 1
| #define HAVE_SYS_FILE_H 1
| #define HAVE_SYS_IOCTL_H 1
| #define HAVE_SYS_SOCKET_H 1
| #define HAVE_SYS_TIME_H 1
| #define HAVE_UNISTD_H 1
| #define TIME_WITH_SYS_TIME 1
| #define HAVE_UNISTD_H 1
| #define HAVE_FORK 1
| #define HAVE_VFORK 1
| #define HAVE_WORKING_VFORK 1
| #define HAVE_WORKING_FORK 1
| #define HAVE_STDLIB_H 1
| #define HAVE_MALLOC 1
| #define HAVE_STDLIB_H 1
| #define HAVE_REALLOC 1
| #define HAVE_SYS_SELECT_H 1
| #define HAVE_SYS_SOCKET_H 1
| #define SELECT_TYPE_ARG1 int
| #define SELECT_TYPE_ARG234 (fd_set *)
| #define SELECT_TYPE_ARG5 (struct timeval *)
| #define RETSIGTYPE void
| #define LSTAT_FOLLOWS_SLASHED_SYMLINK 1
| #define HAVE_STRFTIME 1
| #define HAVE_VPRINTF 1
| #define HAVE_ALARM 1
| #define HAVE_BZERO 1
| #define HAVE_DUP2 1
| #define HAVE_GETHOSTBYADDR 1
| #define HAVE_GETHOSTBYNAME 1
| #define HAVE_GETHOSTNAME 1
| #define HAVE_GETTIMEOFDAY 1
| #define HAVE_INET_NTOA 1
| #define HAVE_MEMCHR 1
| #define HAVE_MEMMOVE 1
| #define HAVE_MEMSET 1
| #define HAVE_MKDIR 1
| #define HAVE_MKFIFO 1
| #define HAVE_PUTENV 1
| #define HAVE_SELECT 1
| #define HAVE_SETENV 1
| #define HAVE_SOCKET 1
| /* end confdefs.h.  */
| /* Define sqrt to an innocuous variant, in case <limits.h> declares sqrt.
|    For example, HP-UX 11i <limits.h> declares gettimeofday.  */
| #define sqrt innocuous_sqrt
| 
| /* System header to define __stub macros and hopefully few prototypes,
|     which can conflict with char sqrt (); below.
|     Prefer <limits.h> to <assert.h> if __STDC__ is defined, since
|     <limits.h> exists even on freestanding compilers.  */
| 
| #ifdef __STDC__
| # include <limits.h>
| #else
| # include <assert.h>
| #endif
| 
| #undef sqrt
| 
| /* Override any gcc2 internal prototype to avoid an error.  */
| #ifdef __cplusplus
| extern "C"
| {
| #endif
| /* We use char because int might match the return type of a gcc2
|    builtin and then its argument prototype would still apply.  */
| char sqrt ();
| /* The GNU C library defines this for functions which it implements
|     to always fail with ENOSYS.  Some functions are actually named
|     something starting with __ and the normal name is an alias.  */
| #if defined (__stub_sqrt) || defined (__stub___sqrt)
| choke me
| #else
| char (*f) () = sqrt;
| #endif
| #ifdef __cplusplus
| }
| #endif
| 
| int
| main ()
| {
| return f != sqrt;
|   ;
|   return 0;
| }
configure:5847: result: no
configure:5760: checking for strchr
configure:5817: gcc -o conftest -g -O2   conftest.c  >&5
conftest.c:94: warning: conflicting types for built-in function 'strchr'
configure:5823: $? = 0
configure:5826: test -z 			 || test ! -s conftest.err
configure:5829: $? = 0
configure:5832: test -s conftest
configure:5835: $? = 0
configure:5847: result: yes
configure:5760: checking for strcspn
configure:5817: gcc -o conftest -g -O2   conftest.c  >&5
conftest.c:95: warning: conflicting types for built-in function 'strcspn'
configure:5823: $? = 0
configure:5826: test -z 			 || test ! -s conftest.err
configure:5829: $? = 0
configure:5832: test -s conftest
configure:5835: $? = 0
configure:5847: result: yes
configure:5760: checking for strerror
configure:5817: gcc -o conftest -g -O2   conftest.c  >&5
configure:5823: $? = 0
configure:5826: test -z 			 || test ! -s conftest.err
configure:5829: $? = 0
configure:5832: test -s conftest
configure:5835: $? = 0
configure:5847: result: yes
configure:5760: checking for strrchr
configure:5817: gcc -o conftest -g -O2   conftest.c  >&5
conftest.c:97: warning: conflicting types for built-in function 'strrchr'
configure:5823: $? = 0
configure:5826: test -z 			 || test ! -s conftest.err
configure:5829: $? = 0
configure:5832: test -s conftest
configure:5835: $? = 0
configure:5847: result: yes
configure:5760: checking for strspn
configure:5817: gcc -o conftest -g -O2   conftest.c  >&5
conftest.c:98: warning: conflicting types for built-in function 'strspn'
configure:5823: $? = 0
configure:5826: test -z 			 || test ! -s conftest.err
configure:5829: $? = 0
configure:5832: test -s conftest
configure:5835: $? = 0
configure:5847: result: yes
configure:5760: checking for strstr
configure:5817: gcc -o conftest -g -O2   conftest.c  >&5
conftest.c:99: warning: conflicting types for built-in function 'strstr'
configure:5823: $? = 0
configure:5826: test -z 			 || test ! -s conftest.err
configure:5829: $? = 0
configure:5832: test -s conftest
configure:5835: $? = 0
configure:5847: result: yes
configure:5760: checking for sysinfo
configure:5817: gcc -o conftest -g -O2   conftest.c  >&5
configure:5823: $? = 0
configure:5826: test -z 			 || test ! -s conftest.err
configure:5829: $? = 0
configure:5832: test -s conftest
configure:5835: $? = 0
configure:5847: result: yes
configure:5760: checking for tzset
configure:5817: gcc -o conftest -g -O2   conftest.c  >&5
configure:5823: $? = 0
configure:5826: test -z 			 || test ! -s conftest.err
configure:5829: $? = 0
configure:5832: test -s conftest
configure:5835: $? = 0
configure:5847: result: yes
configure:5955: creating ./config.status

## ---------------- ##
## Cache variables. ##
## ---------------- ##

ac_cv_c_compiler_gnu=yes
ac_cv_c_const=yes
ac_cv_env_CC_set=
ac_cv_env_CC_value=
ac_cv_env_CFLAGS_set=
ac_cv_env_CFLAGS_value=
ac_cv_env_CPPFLAGS_set=
ac_cv_env_CPPFLAGS_value=
ac_cv_env_CPP_set=
ac_cv_env_CPP_value=
ac_cv_env_LDFLAGS_set=
ac_cv_env_LDFLAGS_value=
ac_cv_env_build_alias_set=
ac_cv_env_build_alias_value=
ac_cv_env_host_alias_set=
ac_cv_env_host_alias_value=
ac_cv_env_target_alias_set=
ac_cv_env_target_alias_value=
ac_cv_exeext=
ac_cv_func__doprnt=no
ac_cv_func_alarm=yes
ac_cv_func_bzero=yes
ac_cv_func_dup2=yes
ac_cv_func_floor=no
ac_cv_func_fork=yes
ac_cv_func_fork_works=yes
ac_cv_func_gethostbyaddr=yes
ac_cv_func_gethostbyname=yes
ac_cv_func_gethostname=yes
ac_cv_func_gettimeofday=yes
ac_cv_func_inet_ntoa=yes
ac_cv_func_lstat_dereferences_slashed_symlink=yes
ac_cv_func_malloc_0_nonnull=yes
ac_cv_func_memchr=yes
ac_cv_func_memcmp_working=yes
ac_cv_func_memmove=yes
ac_cv_func_memset=yes
ac_cv_func_mkdir=yes
ac_cv_func_mkfifo=yes
ac_cv_func_pow=no
ac_cv_func_putenv=yes
ac_cv_func_realloc_0_nonnull=yes
ac_cv_func_select=yes
ac_cv_func_select_args='int,fd_set *,struct timeval *'
ac_cv_func_setenv=yes
ac_cv_func_socket=yes
ac_cv_func_sqrt=no
ac_cv_func_stat_empty_string_bug=no
ac_cv_func_strchr=yes
ac_cv_func_strcspn=yes
ac_cv_func_strerror=yes
ac_cv_func_strftime=yes
ac_cv_func_strrchr=yes
ac_cv_func_strspn=yes
ac_cv_func_strstr=yes
ac_cv_func_sysinfo=yes
ac_cv_func_tzset=yes
ac_cv_func_vfork=yes
ac_cv_func_vfork_works=yes
ac_cv_func_vprintf=yes
ac_cv_header_arpa_inet_h=yes
ac_cv_header_fcntl_h=yes
ac_cv_header_inttypes_h=yes
ac_cv_header_memory_h=yes
ac_cv_header_netdb_h=yes
ac_cv_header_netinet_in_h=yes
ac_cv_header_stdc=yes
ac_cv_header_stddef_h=yes
ac_cv_header_stdint_h=yes
ac_cv_header_stdlib_h=yes
ac_cv_header_string_h=yes
ac_cv_header_strings_h=yes
ac_cv_header_sys_file_h=yes
ac_cv_header_sys_ioctl_h=yes
ac_cv_header_sys_select_h=yes
ac_cv_header_sys_socket_h=yes
ac_cv_header_sys_stat_h=yes
ac_cv_header_sys_systeminfo_h=no
ac_cv_header_sys_time_h=yes
ac_cv_header_sys_types_h=yes
ac_cv_header_sys_wait_h=yes
ac_cv_header_time=yes
ac_cv_header_unistd_h=yes
ac_cv_header_vfork_h=no
ac_cv_lib_error_at_line=yes
ac_cv_objext=o
ac_cv_path_install='/usr/bin/install -c'
ac_cv_prog_CPP='gcc -E'
ac_cv_prog_ac_ct_CC=gcc
ac_cv_prog_cc_g=yes
ac_cv_prog_cc_stdc=
ac_cv_prog_egrep='grep -E'
ac_cv_prog_gcc_traditional=no
ac_cv_prog_make_make_set=yes
ac_cv_struct_tm=time.h
ac_cv_type_pid_t=yes
ac_cv_type_signal=void
ac_cv_type_size_t=yes
ac_cv_type_uid_t=yes

## ----------------- ##
## Output variables. ##
## ----------------- ##

ACLOCAL='aclocal-1.4'
AUTOCONF='autoconf'
AUTOHEADER='autoheader'
AUTOMAKE='automake-1.4'
CC='gcc'
CFLAGS='-g -O2'
CPP='gcc -E'
CPPFLAGS=''
DEFS='-DHAVE_CONFIG_H'
ECHO_C=''
ECHO_N='-n'
ECHO_T=''
EGREP='grep -E'
EXEEXT=''
INSTALL_DATA='${INSTALL} -m 644'
INSTALL_PROGRAM='${INSTALL}'
INSTALL_SCRIPT='${INSTALL}'
LDFLAGS=''
LIBOBJS=''
LIBS=''
LTLIBOBJS=''
MAKEINFO='/home/bergsma/securebob/code/missing makeinfo'
OBJEXT='o'
PACKAGE='hs'
PACKAGE_BUGREPORT='support@abinition.com'
PACKAGE_NAME='hs'
PACKAGE_STRING='hs 3.9.3'
PACKAGE_TARNAME='hs'
PACKAGE_VERSION='3.9.3'
PATH_SEPARATOR=':'
SET_MAKE=''
SHELL='/bin/sh'
VERSION=''
ac_ct_CC='gcc'
bindir='${exec_prefix}/bin'
build_alias=''
datadir='${prefix}/share'
exec_prefix='${prefix}'
host_alias=''
includedir='${prefix}/include'
infodir='${prefix}/info'
libdir='${exec_prefix}/lib'
libexecdir='${exec_prefix}/libexec'
localstatedir='${prefix}/var'
mandir='${prefix}/man'
oldincludedir='/usr/include'
prefix='/usr/local'
program_transform_name='s,x,x,'
sbindir='${exec_prefix}/sbin'
sharedstatedir='${prefix}/com'
sysconfdir='${prefix}/etc'
target_alias=''

## ----------- ##
## confdefs.h. ##
## ----------- ##

#define HAVE_ALARM 1
#define HAVE_ARPA_INET_H 1
#define HAVE_BZERO 1
#define HAVE_DUP2 1
#define HAVE_FCNTL_H 1
#define HAVE_FORK 1
#define HAVE_GETHOSTBYADDR 1
#define HAVE_GETHOSTBYNAME 1
#define HAVE_GETHOSTNAME 1
#define HAVE_GETTIMEOFDAY 1
#define HAVE_INET_NTOA 1
#define HAVE_INTTYPES_H 1
#define HAVE_MALLOC 1
#define HAVE_MEMCHR 1
#define HAVE_MEMMOVE 1
#define HAVE_MEMORY_H 1
#define HAVE_MEMSET 1
#define HAVE_MKDIR 1
#define HAVE_MKFIFO 1
#define HAVE_NETDB_H 1
#define HAVE_NETINET_IN_H 1
#define HAVE_PUTENV 1
#define HAVE_REALLOC 1
#define HAVE_SELECT 1
#define HAVE_SETENV 1
#define HAVE_SOCKET 1
#define HAVE_STDDEF_H 1
#define HAVE_STDINT_H 1
#define HAVE_STDLIB_H 1
#define HAVE_STDLIB_H 1
#define HAVE_STDLIB_H 1
#define HAVE_STDLIB_H 1
#define HAVE_STRCHR 1
#define HAVE_STRCSPN 1
#define HAVE_STRERROR 1
#define HAVE_STRFTIME 1
#define HAVE_STRINGS_H 1
#define HAVE_STRING_H 1
#define HAVE_STRING_H 1
#define HAVE_STRRCHR 1
#define HAVE_STRSPN 1
#define HAVE_STRSTR 1
#define HAVE_SYSINFO 1
#define HAVE_SYS_FILE_H 1
#define HAVE_SYS_IOCTL_H 1
#define HAVE_SYS_SELECT_H 1
#define HAVE_SYS_SOCKET_H 1
#define HAVE_SYS_SOCKET_H 1
#define HAVE_SYS_STAT_H 1
#define HAVE_SYS_TIME_H 1
#define HAVE_SYS_TYPES_H 1
#define HAVE_SYS_WAIT_H 1
#define HAVE_TZSET 1
#define HAVE_UNISTD_H 1
#define HAVE_UNISTD_H 1
#define HAVE_UNISTD_H 1
#define HAVE_VFORK 1
#define HAVE_VPRINTF 1
#define HAVE_WORKING_FORK 1
#define HAVE_WORKING_VFORK 1
#define LSTAT_FOLLOWS_SLASHED_SYMLINK 1
#define PACKAGE "-Wall"
#define PACKAGE_BUGREPORT "support@abinition.com"
#define PACKAGE_NAME "hs"
#define PACKAGE_STRING "hs 3.9.3"
#define PACKAGE_TARNAME "hs"
#define PACKAGE_VERSION "3.9.3"
#define RETSIGTYPE void
#define SELECT_TYPE_ARG1 int
#define SELECT_TYPE_ARG234 (fd_set *)
#define SELECT_TYPE_ARG5 (struct timeval *)
#define STDC_HEADERS 1
#define TIME_WITH_SYS_TIME 1
#define VERSION ""

configure: exit 0

## ---------------------- ##
## Running config.status. ##
## ---------------------- ##

This file was extended by hs config.status 3.9.3, which was
generated by GNU Autoconf 2.59.  Invocation command line was

  CONFIG_FILES    = Makefile
  CONFIG_HEADERS  = 
  CONFIG_LINKS    = 
  CONFIG_COMMANDS = 
  $ ./config.status 

on shrouder.securebob.com

config.status:708: creating Makefile
config.status:1170: executing default-1 commands

## ---------------------- ##
## Running config.status. ##
## ---------------------- ##

This file was extended by hs config.status 3.9.3, which was
generated by GNU Autoconf 2.59.  Invocation command line was

  CONFIG_FILES    = 
  CONFIG_HEADERS  = config.h:config.in
  CONFIG_LINKS    = 
  CONFIG_COMMANDS = 
  $ ./config.status 

on shrouder.securebob.com

config.status:774: creating config.h
config.status:1012: config.h is unchanged
config.status:1170: executing default-1 commands
